<?xml version="1.0" encoding="utf-8"?><testsuites name="pytest tests"><testsuite name="pytest" errors="0" failures="0" skipped="0" tests="24" time="7.264" timestamp="2026-02-27T09:08:50.023109+00:00" hostname="agent-env-2bd4ce3d-ee05-4c94-b49a-d951f39a2ab5"><testcase classname="backend.tests.test_smartdine_v4.TestHealthCheck" name="test_api_root_endpoint" time="0.238" /><testcase classname="backend.tests.test_smartdine_v4.TestPublicEndpoints" name="test_theme_endpoint" time="0.127" /><testcase classname="backend.tests.test_smartdine_v4.TestPublicEndpoints" name="test_menu_endpoint" time="0.108" /><testcase classname="backend.tests.test_smartdine_v4.TestCustomerEntry" name="test_customer_entry_creates_new_customer" time="0.163" /><testcase classname="backend.tests.test_smartdine_v4.TestCustomerEntry" name="test_customer_entry_returns_existing_customer" time="0.107" /><testcase classname="backend.tests.test_smartdine_v4.TestCustomerEntry" name="test_customer_entry_missing_fields" time="0.112" /><testcase classname="backend.tests.test_smartdine_v4.TestKitchenAuth" name="test_kitchen_login_success" time="0.169" /><testcase classname="backend.tests.test_smartdine_v4.TestManagerAuth" name="test_manager_login_success" time="0.167" /><testcase classname="backend.tests.test_smartdine_v4.TestStaffRegistration" name="test_staff_register_kitchen" time="0.170" /><testcase classname="backend.tests.test_smartdine_v4.TestStaffRegistration" name="test_staff_register_missing_fields" time="0.102" /><testcase classname="backend.tests.test_smartdine_v4.TestStaffRegistration" name="test_staff_register_invalid_role" time="0.120" /><testcase classname="backend.tests.test_smartdine_v4.TestKitchenDashboard" name="test_kitchen_orders_fetch" time="0.277" /><testcase classname="backend.tests.test_smartdine_v4.TestManagerDashboard" name="test_manager_reports_daily" time="0.268" /><testcase classname="backend.tests.test_smartdine_v4.TestManagerDashboard" name="test_manager_reports_with_date_range" time="0.288" /><testcase classname="backend.tests.test_smartdine_v4.TestManagerDashboard" name="test_manager_orders_fetch" time="0.267" /><testcase classname="backend.tests.test_smartdine_v4.TestManagerDashboard" name="test_manager_orders_filter_by_status" time="0.268" /><testcase classname="backend.tests.test_smartdine_v4.TestManagerDashboard" name="test_manager_orders_filter_by_payment" time="0.280" /><testcase classname="backend.tests.test_smartdine_v4.TestManagerDashboard" name="test_manager_settings_fetch" time="0.259" /><testcase classname="backend.tests.test_smartdine_v4.TestCustomerOrderFlow" name="test_customer_my_orders" time="0.225" /><testcase classname="backend.tests.test_smartdine_v4.TestCustomerOrderFlow" name="test_customer_loyalty_info" time="0.215" /><testcase classname="backend.tests.test_smartdine_v4.TestInvoiceEndpoint" name="test_invoice_endpoint_with_valid_order" time="0.587" /><testcase classname="backend.tests.test_smartdine_v4.TestInvoiceEndpoint" name="test_invoice_endpoint_invalid_order" time="0.214" /><testcase classname="backend.tests.test_smartdine_v4.TestPaymentFlowIntegration" name="test_customer_payment_flow" time="1.100" /><testcase classname="backend.tests.test_smartdine_v4.TestPaymentFlowIntegration" name="test_manager_payment_flow" time="1.205" /></testsuite></testsuites>