<?xml version="1.0" encoding="utf-8"?><testsuites name="pytest tests"><testsuite name="pytest" errors="0" failures="0" skipped="0" tests="14" time="4.059" timestamp="2026-02-27T07:49:00.316174+00:00" hostname="agent-env-269b77e2-335d-495d-9f35-30f4f94b3a68"><testcase classname="test_smartdine.TestHealthCheck" name="test_api_root_endpoint" time="0.158" /><testcase classname="test_smartdine.TestPublicEndpoints" name="test_theme_endpoint" time="0.110" /><testcase classname="test_smartdine.TestPublicEndpoints" name="test_menu_endpoint" time="0.156" /><testcase classname="test_smartdine.TestCustomerAuth" name="test_customer_login_success" time="0.172" /><testcase classname="test_smartdine.TestCustomerAuth" name="test_customer_login_invalid_password" time="0.167" /><testcase classname="test_smartdine.TestCustomerAuth" name="test_customer_login_invalid_username" time="0.103" /><testcase classname="test_smartdine.TestKitchenAuth" name="test_kitchen_login_success" time="0.164" /><testcase classname="test_smartdine.TestManagerAuth" name="test_manager_login_success" time="0.171" /><testcase classname="test_smartdine.TestKitchenDashboard" name="test_kitchen_orders_fetch" time="0.287" /><testcase classname="test_smartdine.TestManagerDashboard" name="test_manager_reports_daily" time="0.324" /><testcase classname="test_smartdine.TestManagerDashboard" name="test_manager_settings_fetch" time="0.292" /><testcase classname="test_smartdine.TestCustomerOrderFlow" name="test_customer_my_orders" time="0.268" /><testcase classname="test_smartdine.TestCustomerOrderFlow" name="test_customer_loyalty_info" time="0.285" /><testcase classname="test_smartdine.TestPaymentDemoMode" name="test_payment_flow_integration" time="1.171" /></testsuite></testsuites>