<?xml version="1.0" encoding="utf-8"?><testsuites name="pytest tests"><testsuite name="pytest" errors="0" failures="0" skipped="0" tests="14" time="3.635" timestamp="2026-02-27T06:42:48.681792+00:00" hostname="agent-env-269b77e2-335d-495d-9f35-30f4f94b3a68"><testcase classname="tests.test_smartdine.TestHealthCheck" name="test_api_root_endpoint" time="0.113" /><testcase classname="tests.test_smartdine.TestPublicEndpoints" name="test_theme_endpoint" time="0.101" /><testcase classname="tests.test_smartdine.TestPublicEndpoints" name="test_menu_endpoint" time="0.108" /><testcase classname="tests.test_smartdine.TestCustomerAuth" name="test_customer_login_success" time="0.157" /><testcase classname="tests.test_smartdine.TestCustomerAuth" name="test_customer_login_invalid_password" time="0.185" /><testcase classname="tests.test_smartdine.TestCustomerAuth" name="test_customer_login_invalid_username" time="0.095" /><testcase classname="tests.test_smartdine.TestKitchenAuth" name="test_kitchen_login_success" time="0.185" /><testcase classname="tests.test_smartdine.TestManagerAuth" name="test_manager_login_success" time="0.152" /><testcase classname="tests.test_smartdine.TestKitchenDashboard" name="test_kitchen_orders_fetch" time="0.276" /><testcase classname="tests.test_smartdine.TestManagerDashboard" name="test_manager_reports_daily" time="0.262" /><testcase classname="tests.test_smartdine.TestManagerDashboard" name="test_manager_settings_fetch" time="0.289" /><testcase classname="tests.test_smartdine.TestCustomerOrderFlow" name="test_customer_my_orders" time="0.269" /><testcase classname="tests.test_smartdine.TestCustomerOrderFlow" name="test_customer_loyalty_info" time="0.271" /><testcase classname="tests.test_smartdine.TestPaymentDemoMode" name="test_payment_flow_integration" time="1.117" /></testsuite></testsuites>